<?xml version="1.0" encoding="UTF-8"?>
<!-- Generated by org.testng.reporters.JUnitXMLReporter -->
<testsuite ignored="3" hostname="Della-PC" failures="0" tests="2" name="Dataprovidertest" time="0.147" errors="0" timestamp="2024-11-14T16:50:36 IST">
  <testcase classname="testscript.Base" name="@BeforeMethod beforeMethod" time="-1.731583236172E9">
    <failure type="org.testng.TestNGException" message="
Parameter &amp;apos;browzer&amp;apos; is required by BeforeMethod on method beforeMethod but has not been marked @Optional or defined
in D:\SeleniumTraining\7rMartSuperMarket\dataprovider.xml">
      <![CDATA[org.testng.TestNGException: 
Parameter 'browzer' is required by BeforeMethod on method beforeMethod but has not been marked @Optional or defined
in D:\SeleniumTraining\7rMartSuperMarket\dataprovider.xml
at java.base/java.util.ArrayList.forEach(ArrayList.java:1511)
... Removed 28 stack frames]]>
    </failure>
  </testcase> <!-- @BeforeMethod beforeMethod -->
  <testcase classname="testscript.Base" name="@AfterMethod afterMethod" time="0.0">
    <skipped/>
  </testcase> <!-- @AfterMethod afterMethod -->
  <testcase classname="testscript.Base" name="@BeforeMethod beforeMethod" time="-1.731583236218E9">
    <failure type="org.testng.TestNGException" message="
Parameter &amp;apos;browzer&amp;apos; is required by BeforeMethod on method beforeMethod but has not been marked @Optional or defined
in D:\SeleniumTraining\7rMartSuperMarket\dataprovider.xml">
      <![CDATA[org.testng.TestNGException: 
Parameter 'browzer' is required by BeforeMethod on method beforeMethod but has not been marked @Optional or defined
in D:\SeleniumTraining\7rMartSuperMarket\dataprovider.xml
at java.base/java.util.ArrayList.forEach(ArrayList.java:1511)
... Removed 28 stack frames]]>
    </failure>
  </testcase> <!-- @BeforeMethod beforeMethod -->
  <testcase classname="testscript.Base" name="@AfterMethod afterMethod" time="0.0">
    <skipped/>
  </testcase> <!-- @AfterMethod afterMethod -->
  <testcase classname="testscript.Logintest" name="verifyuserisabletologinwithvalidcredentials" time="0.0">
    <skipped/>
  </testcase> <!-- verifyuserisabletologinwithvalidcredentials -->
  <testcase classname="testscript.Logintest" name="verifyuserisabletologinwithvalidcredentials" time="0.0">
    <skipped/>
  </testcase> <!-- verifyuserisabletologinwithvalidcredentials -->
  <testcase classname="testscript.Logintest" name="verifyuserisnotabletologinwithinvalidpassword" time="0.0">
    <ignored/>
  </testcase> <!-- verifyuserisnotabletologinwithinvalidpassword -->
  <testcase classname="testscript.Logintest" name="verifyuserisnotabletologinwithinvalidusername" time="0.0">
    <ignored/>
  </testcase> <!-- verifyuserisnotabletologinwithinvalidusername -->
  <testcase classname="testscript.Logintest" name="verifyuserisnotabletologinwithinvalidcredentials" time="0.0">
    <ignored/>
  </testcase> <!-- verifyuserisnotabletologinwithinvalidcredentials -->
</testsuite> <!-- Dataprovidertest -->
